This is pdfTeX, Version 3.14159265-2.6-1.40.20 (MiKTeX 2.9.7140 64-bit) (preloaded format=pdflatex 2019.8.5)  10 AUG 2019 18:59
entering extended mode
**./brief_paper.tex
(brief_paper.tex
LaTeX2e <2018-12-01>
("C:\Users\jaych\AppData\Local\Programs\MiKTeX 2.9\tex/latex/base\article.cls"
Document Class: article 2018/09/03 v1.4i Standard LaTeX document class
("C:\Users\jaych\AppData\Local\Programs\MiKTeX 2.9\tex/latex/base\size11.clo"
File: size11.clo 2018/09/03 v1.4i Standard LaTeX file (size option)
)
\c@part=\count80
\c@section=\count81
\c@subsection=\count82
\c@subsubsection=\count83
\c@paragraph=\count84
\c@subparagraph=\count85
\c@figure=\count86
\c@table=\count87
\abovecaptionskip=\skip41
\belowcaptionskip=\skip42
\bibindent=\dimen102
) ("C:\Users\jaych\AppData\Local\Programs\MiKTeX 2.9\tex/latex/base\inputenc.st
y"
Package: inputenc 2018/08/11 v1.3c Input encoding file
\inpenc@prehook=\toks14
\inpenc@posthook=\toks15
)
("C:\Users\jaych\AppData\Local\Programs\MiKTeX 2.9\tex/latex/amsmath\amsmath.st
y"
Package: amsmath 2018/12/01 v2.17b AMS math features
\@mathmargin=\skip43

For additional information on amsmath, use the `?' option.

("C:\Users\jaych\AppData\Local\Programs\MiKTeX 2.9\tex/latex/amsmath\amstext.st
y"
Package: amstext 2000/06/29 v2.01 AMS text

("C:\Users\jaych\AppData\Local\Programs\MiKTeX 2.9\tex/latex/amsmath\amsgen.sty
"
File: amsgen.sty 1999/11/30 v2.0 generic functions
\@emptytoks=\toks16
\ex@=\dimen103
))
("C:\Users\jaych\AppData\Local\Programs\MiKTeX 2.9\tex/latex/amsmath\amsbsy.sty
"
Package: amsbsy 1999/11/29 v1.2d Bold Symbols
\pmbraise@=\dimen104
)
("C:\Users\jaych\AppData\Local\Programs\MiKTeX 2.9\tex/latex/amsmath\amsopn.sty
"
Package: amsopn 2016/03/08 v2.02 operator names
)
\inf@bad=\count88
LaTeX Info: Redefining \frac on input line 223.
\uproot@=\count89
\leftroot@=\count90
LaTeX Info: Redefining \overline on input line 385.
\classnum@=\count91
\DOTSCASE@=\count92
LaTeX Info: Redefining \ldots on input line 482.
LaTeX Info: Redefining \dots on input line 485.
LaTeX Info: Redefining \cdots on input line 606.
\Mathstrutbox@=\box27
\strutbox@=\box28
\big@size=\dimen105
LaTeX Font Info:    Redeclaring font encoding OML on input line 729.
LaTeX Font Info:    Redeclaring font encoding OMS on input line 730.
\macc@depth=\count93
\c@MaxMatrixCols=\count94
\dotsspace@=\muskip10
\c@parentequation=\count95
\dspbrk@lvl=\count96
\tag@help=\toks17
\row@=\count97
\column@=\count98
\maxfields@=\count99
\andhelp@=\toks18
\eqnshift@=\dimen106
\alignsep@=\dimen107
\tagshift@=\dimen108
\tagwidth@=\dimen109
\totwidth@=\dimen110
\lineht@=\dimen111
\@envbody=\toks19
\multlinegap=\skip44
\multlinetaggap=\skip45
\mathdisplay@stack=\toks20
LaTeX Info: Redefining \[ on input line 2844.
LaTeX Info: Redefining \] on input line 2845.
)
("C:\Users\jaych\AppData\Local\Programs\MiKTeX 2.9\tex/latex/graphics\graphicx.
sty"
Package: graphicx 2017/06/01 v1.1a Enhanced LaTeX Graphics (DPC,SPQR)

("C:\Users\jaych\AppData\Local\Programs\MiKTeX 2.9\tex/latex/graphics\keyval.st
y"
Package: keyval 2014/10/28 v1.15 key=value parser (DPC)
\KV@toks@=\toks21
)
("C:\Users\jaych\AppData\Local\Programs\MiKTeX 2.9\tex/latex/graphics\graphics.
sty"
Package: graphics 2017/06/25 v1.2c Standard LaTeX Graphics (DPC,SPQR)

("C:\Users\jaych\AppData\Local\Programs\MiKTeX 2.9\tex/latex/graphics\trig.sty"
Package: trig 2016/01/03 v1.10 sin cos tan (DPC)
)
("C:\Users\jaych\AppData\Local\Programs\MiKTeX 2.9\tex/latex/graphics-cfg\graph
ics.cfg"
File: graphics.cfg 2016/06/04 v1.11 sample graphics configuration
)
Package graphics Info: Driver file: pdftex.def on input line 99.

("C:\Users\jaych\AppData\Local\Programs\MiKTeX 2.9\tex/latex/graphics-def\pdfte
x.def"
File: pdftex.def 2018/01/08 v1.0l Graphics/color driver for pdftex
))
\Gin@req@height=\dimen112
\Gin@req@width=\dimen113
)
("C:\Users\jaych\AppData\Local\Programs\MiKTeX 2.9\tex/latex/biblatex\biblatex.
sty"
Package: biblatex 2018/11/02 v3.12 programmable bibliographies (PK/MW)

("C:\Users\jaych\AppData\Local\Programs\MiKTeX 2.9\tex/generic/oberdiek\pdftexc
mds.sty"
Package: pdftexcmds 2019/07/25 v0.30 Utility functions of pdfTeX for LuaTeX (HO
)

("C:\Users\jaych\AppData\Local\Programs\MiKTeX 2.9\tex/generic/oberdiek\infware
rr.sty"
Package: infwarerr 2016/05/16 v1.4 Providing info/warning/error messages (HO)
)
("C:\Users\jaych\AppData\Local\Programs\MiKTeX 2.9\tex/generic/oberdiek\ifluate
x.sty"
Package: ifluatex 2016/05/16 v1.4 Provides the ifluatex switch (HO)
Package ifluatex Info: LuaTeX not detected.
)
("C:\Users\jaych\AppData\Local\Programs\MiKTeX 2.9\tex/generic/oberdiek\ltxcmds
.sty"
Package: ltxcmds 2016/05/16 v1.23 LaTeX kernel commands for general use (HO)
)
("C:\Users\jaych\AppData\Local\Programs\MiKTeX 2.9\tex/generic/oberdiek\ifpdf.s
ty"
Package: ifpdf 2018/09/07 v3.3 Provides the ifpdf switch
)
Package pdftexcmds Info: LuaTeX not detected.
Package pdftexcmds Info: \pdf@primitive is available.
Package pdftexcmds Info: \pdf@ifprimitive is available.
Package pdftexcmds Info: \pdfdraftmode found.
)
("C:\Users\jaych\AppData\Local\Programs\MiKTeX 2.9\tex/latex/etoolbox\etoolbox.
sty"
Package: etoolbox 2018/08/19 v2.5f e-TeX tools for LaTeX (JAW)
\etb@tempcnta=\count100
)
("C:\Users\jaych\AppData\Local\Programs\MiKTeX 2.9\tex/latex/oberdiek\kvoptions
.sty"
Package: kvoptions 2016/05/16 v3.12 Key value format for package options (HO)

("C:\Users\jaych\AppData\Local\Programs\MiKTeX 2.9\tex/generic/oberdiek\kvsetke
ys.sty"
Package: kvsetkeys 2016/05/16 v1.17 Key value parser (HO)

("C:\Users\jaych\AppData\Local\Programs\MiKTeX 2.9\tex/generic/oberdiek\etexcmd
s.sty"
Package: etexcmds 2016/05/16 v1.6 Avoid name clashes with e-TeX commands (HO)
)))
("C:\Users\jaych\AppData\Local\Programs\MiKTeX 2.9\tex/latex/logreq\logreq.sty"
Package: logreq 2010/08/04 v1.0 xml request logger
\lrq@indent=\count101
("C:\Users\jaych\AppData\Local\Programs\MiKTeX 2.9\tex/latex/logreq\logreq.def"
File: logreq.def 2010/08/04 v1.0 logreq spec v1.0
)) ("C:\Users\jaych\AppData\Local\Programs\MiKTeX 2.9\tex/latex/base\ifthen.sty
"
Package: ifthen 2014/09/29 v1.1c Standard LaTeX ifthen package (DPC)
) ("C:\Users\jaych\AppData\Local\Programs\MiKTeX 2.9\tex/latex/url\url.sty"
\Urlmuskip=\muskip11
Package: url 2013/09/16  ver 3.4  Verb mode for urls, etc.
)
\c@tabx@nest=\count102
\c@listtotal=\count103
\c@listcount=\count104
\c@liststart=\count105
\c@liststop=\count106
\c@citecount=\count107
\c@citetotal=\count108
\c@multicitecount=\count109
\c@multicitetotal=\count110
\c@instcount=\count111
\c@maxnames=\count112
\c@minnames=\count113
\c@maxitems=\count114
\c@minitems=\count115
\c@citecounter=\count116
\c@maxcitecounter=\count117
\c@savedcitecounter=\count118
\c@uniquelist=\count119
\c@uniquename=\count120
\c@refsection=\count121
\c@refsegment=\count122
\c@maxextratitle=\count123
\c@maxextratitleyear=\count124
\c@maxextraname=\count125
\c@maxextradate=\count126
\c@maxextraalpha=\count127
\c@abbrvpenalty=\count128
\c@highnamepenalty=\count129
\c@lownamepenalty=\count130
\c@maxparens=\count131
\c@parenlevel=\count132
\blx@tempcnta=\count133
\blx@tempcntb=\count134
\blx@tempcntc=\count135
\blx@maxsection=\count136
\blx@maxsegment@0=\count137
\blx@notetype=\count138
\blx@parenlevel@text=\count139
\blx@parenlevel@foot=\count140
\blx@sectionciteorder@0=\count141
\blx@entrysetcounter=\count142
\labelnumberwidth=\skip46
\labelalphawidth=\skip47
\biblabelsep=\skip48
\bibitemsep=\skip49
\bibnamesep=\skip50
\bibinitsep=\skip51
\bibparsep=\skip52
\bibhang=\skip53
\blx@bcfin=\read1
\blx@bcfout=\write3
\c@mincomprange=\count143
\c@maxcomprange=\count144
\c@mincompwidth=\count145
Package biblatex Info: Trying to load biblatex default data model...
Package biblatex Info: ... file 'blx-dm.def' found.

("C:\Users\jaych\AppData\Local\Programs\MiKTeX 2.9\tex/latex/biblatex\blx-dm.de
f"
File: blx-dm.def 2018/11/02 v3.12 biblatex localization (PK/MW)
)
Package biblatex Info: Trying to load biblatex custom data model...
Package biblatex Info: ... file 'biblatex-dm.cfg' not found.
\c@afterword=\count146
\c@savedafterword=\count147
\c@annotator=\count148
\c@savedannotator=\count149
\c@author=\count150
\c@savedauthor=\count151
\c@bookauthor=\count152
\c@savedbookauthor=\count153
\c@commentator=\count154
\c@savedcommentator=\count155
\c@editor=\count156
\c@savededitor=\count157
\c@editora=\count158
\c@savededitora=\count159
\c@editorb=\count160
\c@savededitorb=\count161
\c@editorc=\count162
\c@savededitorc=\count163
\c@foreword=\count164
\c@savedforeword=\count165
\c@holder=\count166
\c@savedholder=\count167
\c@introduction=\count168
\c@savedintroduction=\count169
\c@namea=\count170
\c@savednamea=\count171
\c@nameb=\count172
\c@savednameb=\count173
\c@namec=\count174
\c@savednamec=\count175
\c@translator=\count176
\c@savedtranslator=\count177
\c@shortauthor=\count178
\c@savedshortauthor=\count179
\c@shorteditor=\count180
\c@savedshorteditor=\count181
\c@labelname=\count182
\c@savedlabelname=\count183
\c@institution=\count184
\c@savedinstitution=\count185
\c@lista=\count186
\c@savedlista=\count187
\c@listb=\count188
\c@savedlistb=\count189
\c@listc=\count190
\c@savedlistc=\count191
\c@listd=\count192
\c@savedlistd=\count193
\c@liste=\count194
\c@savedliste=\count195
\c@listf=\count196
\c@savedlistf=\count197
\c@location=\count198
\c@savedlocation=\count199
\c@organization=\count266
\c@savedorganization=\count267
\c@origlocation=\count268
\c@savedoriglocation=\count269
\c@origpublisher=\count270
\c@savedorigpublisher=\count271
\c@publisher=\count272
\c@savedpublisher=\count273
\c@language=\count274
\c@savedlanguage=\count275
\c@origlanguage=\count276
\c@savedoriglanguage=\count277
\c@pageref=\count278
\c@savedpageref=\count279
\shorthandwidth=\skip54
\shortjournalwidth=\skip55
\shortserieswidth=\skip56
\shorttitlewidth=\skip57
\shortauthorwidth=\skip58
\shorteditorwidth=\skip59
\locallabelnumberwidth=\skip60
\locallabelalphawidth=\skip61
\localshorthandwidth=\skip62
\localshortjournalwidth=\skip63
\localshortserieswidth=\skip64
\localshorttitlewidth=\skip65
\localshortauthorwidth=\skip66
\localshorteditorwidth=\skip67
Package biblatex Info: Trying to load compatibility code...
Package biblatex Info: ... file 'blx-compat.def' found.

("C:\Users\jaych\AppData\Local\Programs\MiKTeX 2.9\tex/latex/biblatex\blx-compa
t.def"
File: blx-compat.def 2018/11/02 v3.12 biblatex compatibility (PK/MW)
)
Package biblatex Info: Trying to load generic definitions...
Package biblatex Info: ... file 'biblatex.def' found.

("C:\Users\jaych\AppData\Local\Programs\MiKTeX 2.9\tex/latex/biblatex\biblatex.
def"
File: biblatex.def 2018/11/02 v3.12 biblatex compatibility (PK/MW)
\c@textcitecount=\count280
\c@textcitetotal=\count281
\c@textcitemaxnames=\count282
\c@biburlnumpenalty=\count283
\c@biburlucpenalty=\count284
\c@biburllcpenalty=\count285
\c@smartand=\count286
)
Package biblatex Info: Trying to load bibliography style 'numeric'...
Package biblatex Info: ... file 'numeric.bbx' found.

("C:\Users\jaych\AppData\Local\Programs\MiKTeX 2.9\tex/latex/biblatex/bbx\numer
ic.bbx"
File: numeric.bbx 2018/11/02 v3.12 biblatex bibliography style (PK/MW)
Package biblatex Info: Trying to load bibliography style 'standard'...
Package biblatex Info: ... file 'standard.bbx' found.

("C:\Users\jaych\AppData\Local\Programs\MiKTeX 2.9\tex/latex/biblatex/bbx\stand
ard.bbx"
File: standard.bbx 2018/11/02 v3.12 biblatex bibliography style (PK/MW)
\c@bbx:relatedcount=\count287
\c@bbx:relatedtotal=\count288
))
Package biblatex Info: Trying to load citation style 'numeric'...
Package biblatex Info: ... file 'numeric.cbx' found.

("C:\Users\jaych\AppData\Local\Programs\MiKTeX 2.9\tex/latex/biblatex/cbx\numer
ic.cbx"
File: numeric.cbx 2018/11/02 v3.12 biblatex citation style (PK/MW)
Package biblatex Info: Redefining '\cite'.
Package biblatex Info: Redefining '\parencite'.
Package biblatex Info: Redefining '\footcite'.
Package biblatex Info: Redefining '\footcitetext'.
Package biblatex Info: Redefining '\smartcite'.
Package biblatex Info: Redefining '\supercite'.
Package biblatex Info: Redefining '\textcite'.
Package biblatex Info: Redefining '\textcites'.
Package biblatex Info: Redefining '\cites'.
Package biblatex Info: Redefining '\parencites'.
Package biblatex Info: Redefining '\smartcites'.
)
Package biblatex Info: Trying to load configuration file...
Package biblatex Info: ... file 'biblatex.cfg' found.

("C:\Users\jaych\AppData\Local\Programs\MiKTeX 2.9\tex/latex/biblatex\biblatex.
cfg"
File: biblatex.cfg 
))
("C:\Users\jaych\AppData\Local\Programs\MiKTeX 2.9\tex/latex/geometry\geometry.
sty"
Package: geometry 2018/04/16 v5.8 Page Geometry

("C:\Users\jaych\AppData\Local\Programs\MiKTeX 2.9\tex/generic/oberdiek\ifvtex.
sty"
Package: ifvtex 2016/05/16 v1.6 Detect VTeX and its facilities (HO)
Package ifvtex Info: VTeX not detected.
)
("C:\Users\jaych\AppData\Local\Programs\MiKTeX 2.9\tex/generic/ifxetex\ifxetex.
sty"
Package: ifxetex 2010/09/12 v0.6 Provides ifxetex conditional
)
\Gm@cnth=\count289
\Gm@cntv=\count290
\c@Gm@tempcnt=\count291
\Gm@bindingoffset=\dimen114
\Gm@wd@mp=\dimen115
\Gm@odd@mp=\dimen116
\Gm@even@mp=\dimen117
\Gm@layoutwidth=\dimen118
\Gm@layoutheight=\dimen119
\Gm@layouthoffset=\dimen120
\Gm@layoutvoffset=\dimen121
\Gm@dimlist=\toks22

("C:\Users\jaych\AppData\Local\Programs\MiKTeX 2.9\tex/latex/geometry\geometry.
cfg"))
("C:\Users\jaych\AppData\Local\Programs\MiKTeX 2.9\tex/latex/booktabs\booktabs.
sty"
Package: booktabs 2005/04/14 v1.61803 publication quality tables
\heavyrulewidth=\dimen122
\lightrulewidth=\dimen123
\cmidrulewidth=\dimen124
\belowrulesep=\dimen125
\belowbottomsep=\dimen126
\aboverulesep=\dimen127
\abovetopsep=\dimen128
\cmidrulesep=\dimen129
\cmidrulekern=\dimen130
\defaultaddspace=\dimen131
\@cmidla=\count292
\@cmidlb=\count293
\@aboverulesep=\dimen132
\@belowrulesep=\dimen133
\@thisruleclass=\count294
\@lastruleclass=\count295
\@thisrulewidth=\dimen134
)
("C:\Users\jaych\AppData\Local\Programs\MiKTeX 2.9\tex/latex/tools\array.sty"
Package: array 2018/12/30 v2.4k Tabular extension package (FMi)
\col@sep=\dimen135
\ar@mcellbox=\box29
\extrarowheight=\dimen136
\NC@list=\toks23
\extratabsurround=\skip68
\backup@length=\skip69
\ar@cellbox=\box30
)
("C:\Users\jaych\AppData\Local\Programs\MiKTeX 2.9\tex/latex/paralist\paralist.
sty"
Package: paralist 2017/01/22 v2.7 Extended list environments
\pltopsep=\skip70
\plpartopsep=\skip71
\plitemsep=\skip72
\plparsep=\skip73
\pl@lab=\toks24
)
("C:\Users\jaych\AppData\Local\Programs\MiKTeX 2.9\tex/latex/tools\verbatim.sty
"
Package: verbatim 2014/10/28 v1.5q LaTeX2e package for verbatim enhancements
\every@verbatim=\toks25
\verbatim@line=\toks26
\verbatim@in@stream=\read2
)
("C:\Users\jaych\AppData\Local\Programs\MiKTeX 2.9\tex/latex/subfig\subfig.sty"
Package: subfig 2005/06/28 ver: 1.3 subfig package

("C:\Users\jaych\AppData\Local\Programs\MiKTeX 2.9\tex/latex/caption\caption.st
y"
Package: caption 2018/10/06 v3.3-154 Customizing captions (AR)

("C:\Users\jaych\AppData\Local\Programs\MiKTeX 2.9\tex/latex/caption\caption3.s
ty"
Package: caption3 2018/09/12 v1.8c caption3 kernel (AR)
Package caption3 Info: TeX engine: e-TeX on input line 64.
\captionmargin=\dimen137
\captionmargin@=\dimen138
\captionwidth=\dimen139
\caption@tempdima=\dimen140
\caption@indent=\dimen141
\caption@parindent=\dimen142
\caption@hangindent=\dimen143
)
\c@caption@flags=\count296
\c@ContinuedFloat=\count297
)
\c@KVtest=\count298
\sf@farskip=\skip74
\sf@captopadj=\dimen144
\sf@capskip=\skip75
\sf@nearskip=\skip76
\c@subfigure=\count299
\c@subfigure@save=\count300
\c@lofdepth=\count301
\c@subtable=\count302
\c@subtable@save=\count303
\c@lotdepth=\count304
\sf@top=\skip77
\sf@bottom=\skip78
)
("C:\Users\jaych\AppData\Local\Programs\MiKTeX 2.9\tex/latex/fancyhdr\fancyhdr.
sty"
Package: fancyhdr 2019/01/31 v3.10 Extensive control of page headers and footer
s
\f@nch@headwidth=\skip79
\f@nch@O@elh=\skip80
\f@nch@O@erh=\skip81
\f@nch@O@olh=\skip82
\f@nch@O@orh=\skip83
\f@nch@O@elf=\skip84
\f@nch@O@erf=\skip85
\f@nch@O@olf=\skip86
\f@nch@O@orf=\skip87
)
("C:\Users\jaych\AppData\Local\Programs\MiKTeX 2.9\tex/latex/sectsty\sectsty.st
y"
Package: sectsty 2002/02/25 v2.0.2 Commands to change all sectional heading sty
les
)
("C:\Users\jaych\AppData\Local\Programs\MiKTeX 2.9\tex/latex/tocbibind\tocbibin
d.sty"
Package: tocbibind 2010/10/13 v1.5k extra ToC listings
Package tocbibind Info: The document has section divisions on input line 50.


Package tocbibind Note: Using section or other style headings.

)
("C:\Users\jaych\AppData\Local\Programs\MiKTeX 2.9\tex/latex/tocloft\tocloft.st
y"
Package: tocloft 2017/08/31 v2.3i parameterised ToC, etc., typesetting
Package tocloft Info: The document has section divisions on input line 51.
\cftparskip=\skip88
\cftbeforetoctitleskip=\skip89
\cftaftertoctitleskip=\skip90
\cftbeforepartskip=\skip91
\cftpartnumwidth=\skip92
\cftpartindent=\skip93
\cftbeforesecskip=\skip94
\cftsecindent=\skip95
\cftsecnumwidth=\skip96
\cftbeforesubsecskip=\skip97
\cftsubsecindent=\skip98
\cftsubsecnumwidth=\skip99
\cftbeforesubsubsecskip=\skip100
\cftsubsubsecindent=\skip101
\cftsubsubsecnumwidth=\skip102
\cftbeforeparaskip=\skip103
\cftparaindent=\skip104
\cftparanumwidth=\skip105
\cftbeforesubparaskip=\skip106
\cftsubparaindent=\skip107
\cftsubparanumwidth=\skip108
\cftbeforeloftitleskip=\skip109
\cftafterloftitleskip=\skip110
\cftbeforefigskip=\skip111
\cftfigindent=\skip112
\cftfignumwidth=\skip113
\cftbeforelottitleskip=\skip114
\cftafterlottitleskip=\skip115
\cftbeforetabskip=\skip116
\cfttabindent=\skip117
\cfttabnumwidth=\skip118
\cftbeforesubfigskip=\skip119
\cftsubfigindent=\skip120
\cftsubfignumwidth=\skip121
\cftbeforesubtabskip=\skip122
\cftsubtabindent=\skip123
\cftsubtabnumwidth=\skip124
)
Package biblatex Info: Trying to load language 'english'...
Package biblatex Info: ... file 'english.lbx' found.

("C:\Users\jaych\AppData\Local\Programs\MiKTeX 2.9\tex/latex/biblatex/lbx\engli
sh.lbx"
File: english.lbx 2018/11/02 v3.12 biblatex localization (PK/MW)
)
\@quotelevel=\count305
\@quotereset=\count306
 (brief_paper.aux)
\openout1 = `brief_paper.aux'.

LaTeX Font Info:    Checking defaults for OML/cmm/m/it on input line 70.
LaTeX Font Info:    ... okay on input line 70.
LaTeX Font Info:    Checking defaults for T1/cmr/m/n on input line 70.
LaTeX Font Info:    ... okay on input line 70.
LaTeX Font Info:    Checking defaults for OT1/cmr/m/n on input line 70.
LaTeX Font Info:    ... okay on input line 70.
LaTeX Font Info:    Checking defaults for OMS/cmsy/m/n on input line 70.
LaTeX Font Info:    ... okay on input line 70.
LaTeX Font Info:    Checking defaults for OMX/cmex/m/n on input line 70.
LaTeX Font Info:    ... okay on input line 70.
LaTeX Font Info:    Checking defaults for U/cmr/m/n on input line 70.
LaTeX Font Info:    ... okay on input line 70.

("C:\Users\jaych\AppData\Local\Programs\MiKTeX 2.9\tex/context/base/mkii\supp-p
df.mkii"
[Loading MPS to PDF converter (version 2006.09.02).]
\scratchcounter=\count307
\scratchdimen=\dimen145
\scratchbox=\box31
\nofMPsegments=\count308
\nofMParguments=\count309
\everyMPshowfont=\toks27
\MPscratchCnt=\count310
\MPscratchDim=\dimen146
\MPnumerator=\count311
\makeMPintoPDFobject=\count312
\everyMPtoPDFconversion=\toks28
)
("C:\Users\jaych\AppData\Local\Programs\MiKTeX 2.9\tex/latex/oberdiek\epstopdf-
base.sty"
Package: epstopdf-base 2016/05/15 v2.6 Base part for package epstopdf

("C:\Users\jaych\AppData\Local\Programs\MiKTeX 2.9\tex/latex/oberdiek\grfext.st
y"
Package: grfext 2016/05/16 v1.2 Manage graphics extensions (HO)

("C:\Users\jaych\AppData\Local\Programs\MiKTeX 2.9\tex/generic/oberdiek\kvdefin
ekeys.sty"
Package: kvdefinekeys 2016/05/16 v1.4 Define keys (HO)
))
Package epstopdf-base Info: Redefining graphics rule for `.eps' on input line 4
38.
Package grfext Info: Graphics extension search list:
(grfext)             [.pdf,.png,.jpg,.mps,.jpeg,.jbig2,.jb2,.PDF,.PNG,.JPG,.JPE
G,.JBIG2,.JB2,.eps]
(grfext)             \AppendGraphicsExtensions on input line 456.
)
Package biblatex Info: Input encoding 'utf8' detected.
Package biblatex Info: Automatic encoding selection.
(biblatex)             Assuming data encoding 'utf8'.
\openout3 = `brief_paper.bcf'.

Package biblatex Info: Trying to load bibliographic data...
Package biblatex Info: ... file 'brief_paper.bbl' found.
 (brief_paper.bbl)
Package biblatex Info: Reference section=0 on input line 70.
Package biblatex Info: Reference segment=0 on input line 70.

*geometry* driver: auto-detecting
*geometry* detected driver: pdftex
*geometry* verbose mode - [ preamble ] result:
* driver: pdftex
* paper: a4paper
* layout: <same size as paper>
* layoutoffset:(h,v)=(0.0pt,0.0pt)
* modes: 
* h-part:(L,W,R)=(89.62709pt, 418.25368pt, 89.6271pt)
* v-part:(T,H,B)=(101.40665pt, 591.5302pt, 152.11pt)
* \paperwidth=597.50787pt
* \paperheight=845.04684pt
* \textwidth=418.25368pt
* \textheight=591.5302pt
* \oddsidemargin=17.3571pt
* \evensidemargin=17.3571pt
* \topmargin=-7.86334pt
* \headheight=12.0pt
* \headsep=25.0pt
* \topskip=11.0pt
* \footskip=30.0pt
* \marginparwidth=59.0pt
* \marginparsep=10.0pt
* \columnsep=10.0pt
* \skip\footins=10.0pt plus 4.0pt minus 2.0pt
* \hoffset=0.0pt
* \voffset=0.0pt
* \mag=1000
* \@twocolumnfalse
* \@twosidefalse
* \@mparswitchfalse
* \@reversemarginfalse
* (1in=72.27pt=25.4mm, 1cm=28.453pt)

Package caption Info: Begin \AtBeginDocument code.
Package caption Info: subfig package v1.3 is loaded.
Package caption Info: End \AtBeginDocument code.
<control_types.png, id=1, 678.28406pt x 259.7203pt>
File: control_types.png Graphic file (type png)
<use control_types.png>
Package pdftex.def Info: control_types.png  used on input line 93.
(pdftex.def)             Requested size: 339.14119pt x 129.85983pt.
[1

{C:/Users/jaych/AppData/Local/MiKTeX/2.9/pdftex/config/pdftex.map}]
<control_volume.png, id=12, 648.17157pt x 488.57532pt>
File: control_volume.png Graphic file (type png)
<use control_volume.png>
Package pdftex.def Info: control_volume.png  used on input line 103.
(pdftex.def)             Requested size: 324.08499pt x 244.28706pt.


LaTeX Warning: `h' float specifier changed to `ht'.

[2 <./control_types.png>] [3 <./control_volume.png>]
<inclined_pipe.png, id=25, 647.41875pt x 621.82312pt>
File: inclined_pipe.png Graphic file (type png)
<use inclined_pipe.png>
Package pdftex.def Info: inclined_pipe.png  used on input line 155.
(pdftex.def)             Requested size: 291.33574pt x 279.81781pt.


LaTeX Warning: `h' float specifier changed to `ht'.

[4] [5 <./inclined_pipe.png>]
<developing_velocity_profile.png, id=34, 724.95844pt x 625.58719pt>
File: developing_velocity_profile.png Graphic file (type png)
<use developing_velocity_profile.png>
Package pdftex.def Info: developing_velocity_profile.png  used on input line 22
8.
(pdftex.def)             Requested size: 333.48492pt x 287.77359pt.
<comparing_velocity_profiles.png, id=35, 682.80093pt x 573.64313pt>
File: comparing_velocity_profiles.png Graphic file (type png)
<use comparing_velocity_profiles.png>
Package pdftex.def Info: comparing_velocity_profiles.png  used on input line 23
4.
(pdftex.def)             Requested size: 238.9839pt x 200.77809pt.
 [6]

LaTeX Warning: Text page 7 contains only floats.

[7 <./developing_velocity_profile.png> <./comparing_velocity_profiles.png>]
[8] [9]
<moody_chart.png, id=53, 790.75426pt x 545.6385pt>
File: moody_chart.png Graphic file (type png)
<use moody_chart.png>
Package pdftex.def Info: moody_chart.png  used on input line 318.
(pdftex.def)             Requested size: 434.91618pt x 300.1021pt.

Overfull \hbox (16.6625pt too wide) in paragraph at lines 318--319
 [][] 
 []

[10 <./moody_chart.png>]
LaTeX Font Info:    Try loading font information for OMS+cmr on input line 340.


("C:\Users\jaych\AppData\Local\Programs\MiKTeX 2.9\tex/latex/base\omscmr.fd"
File: omscmr.fd 2014/09/29 v2.5h Standard LaTeX font definitions
)
LaTeX Font Info:    Font shape `OMS/cmr/m/n' in size <10.95> not available
(Font)              Font shape `OMS/cmsy/m/n' tried instead on input line 340.

[11] (brief_paper.aux)
Package logreq Info: Writing requests to 'brief_paper.run.xml'.
\openout1 = `brief_paper.run.xml'.

 ) 
Here is how much of TeX's memory you used:
 11341 strings out of 492895
 198031 string characters out of 3123736
 634530 words of memory out of 3000000
 15126 multiletter control sequences out of 15000+200000
 12557 words of font info for 44 fonts, out of 3000000 for 9000
 1141 hyphenation exceptions out of 8191
 44i,12n,45p,1027b,1390s stack positions out of 5000i,500n,10000p,200000b,50000s
<C:/Users/jaych/AppData/Local/Programs/MiKTeX 2.9/fonts/type1/public/amsfonts
/cm/cmbx10.pfb><C:/Users/jaych/AppData/Local/Programs/MiKTeX 2.9/fonts/type1/pu
blic/amsfonts/cm/cmex10.pfb><C:/Users/jaych/AppData/Local/Programs/MiKTeX 2.9/f
onts/type1/public/amsfonts/cm/cmmi10.pfb><C:/Users/jaych/AppData/Local/Programs
/MiKTeX 2.9/fonts/type1/public/amsfonts/cm/cmmi6.pfb><C:/Users/jaych/AppData/Lo
cal/Programs/MiKTeX 2.9/fonts/type1/public/amsfonts/cm/cmmi8.pfb><C:/Users/jayc
h/AppData/Local/Programs/MiKTeX 2.9/fonts/type1/public/amsfonts/cm/cmr10.pfb><C
:/Users/jaych/AppData/Local/Programs/MiKTeX 2.9/fonts/type1/public/amsfonts/cm/
cmr12.pfb><C:/Users/jaych/AppData/Local/Programs/MiKTeX 2.9/fonts/type1/public/
amsfonts/cm/cmr17.pfb><C:/Users/jaych/AppData/Local/Programs/MiKTeX 2.9/fonts/t
ype1/public/amsfonts/cm/cmr8.pfb><C:/Users/jaych/AppData/Local/Programs/MiKTeX 
2.9/fonts/type1/public/amsfonts/cm/cmss10.pfb><C:/Users/jaych/AppData/Local/Pro
grams/MiKTeX 2.9/fonts/type1/public/amsfonts/cm/cmss12.pfb><C:/Users/jaych/AppD
ata/Local/Programs/MiKTeX 2.9/fonts/type1/public/amsfonts/cm/cmsy10.pfb><C:/Use
rs/jaych/AppData/Local/Programs/MiKTeX 2.9/fonts/type1/public/amsfonts/cm/cmsy8
.pfb><C:/Users/jaych/AppData/Local/Programs/MiKTeX 2.9/fonts/type1/public/amsfo
nts/cm/cmti10.pfb>
Output written on brief_paper.pdf (11 pages, 716636 bytes).
PDF statistics:
 107 PDF objects out of 1000 (max. 8388607)
 0 named destinations out of 1000 (max. 500000)
 31 words of extra memory for PDF output out of 10000 (max. 10000000)

